 java.lang.NullPointerException  							
 	at party.danyang.nationalgeographic.ui.AlbumFragment$1.onPreDraw(Unknown Source)  							
 	at android.view.ViewTreeObserver.dispatchOnPreDraw(ViewTreeObserver.java:895)  							
 	at android.view.ViewRootImpl.performTraversals(ViewRootImpl.java:2219)  							
 	at android.view.ViewRootImpl.doTraversal(ViewRootImpl.java:1264)  							
 	at android.view.ViewRootImpl$TraversalRunnable.run(ViewRootImpl.java:6614)  							
 	at android.view.Choreographer$CallbackRecord.run(Choreographer.java:813)  							
 	at android.view.Choreographer.doCallbacks(Choreographer.java:613)  							
 	at android.view.Choreographer.doFrame(Choreographer.java:583)  							
 	at android.view.Choreographer$FrameDisplayEventReceiver.run(Choreographer.java:799)   							
 	at android.os.Handler.handleCallback(Handler.java:733)  							
 	at android.os.Handler.dispatchMessage(Handler.java:95)  							
 	at android.os.Looper.loop(Looper.java:146)  							
 	at android.app.ActivityThread.main(ActivityThread.java:5679)  							
 	at java.lang.reflect.Method.invokeNative(Native Method)  							
 	at java.lang.reflect.Method.invoke(Method.java:515)  							
 	at com.android.internal.os.ZygoteInit$MethodAndArgsCaller.run(ZygoteInit.java:1291)  							
 	at com.android.internal.os.ZygoteInit.main(ZygoteInit.java:1107)  							
 	at de.robv.android.xposed.XposedBridge.main(XposedBridge.java:132)  							
 	at dalvik.system.NativeStart.main(Native Method)  	
