java.lang.RuntimeException:
*   Unable to start activity ComponentInfo{party.danyang.nationalgeographic/party.danyang.nationalgeographic.ui.AlbumActivity}: java.lang.ClassCastException: q cannot be cast to android.view.ViewGroup
*   at android.app.ActivityThread.performLaunchActivity(ActivityThread.java)
* 	at android.app.ActivityThread.handleLaunchActivity(ActivityThread.java)
* 	at android.app.ActivityThread.access$1100(ActivityThread.java)
* 	at android.app.ActivityThread$H.handleMessage(ActivityThread.java)
* 	at android.os.Handler.dispatchMessage(Handler.java)
* 	at android.os.Looper.loop(Looper.java)
* 	at android.app.ActivityThread.main(ActivityThread.java)
* 	at java.lang.reflect.Method.invoke(Native Method)
* 	at com.android.internal.os.ZygoteInit$MethodAndArgsCaller.run(ZygoteInit.java)
* 	at com.android.internal.os.ZygoteInit.main(ZygoteInit.java)
* 	at de.robv.android.xposed.XposedBridge.main(XposedBridge.java:133)
Caused by: java.lang.ClassCastException: q cannot be cast to android.view.ViewGroup
	at me.yokeyword.swipebackfragment.SwipeBackLayout.void drawShadow(android.graphics.Canvas,android.view.View)(Unknown Source)
void hiddenFragment()
void attachToActivity(android.support.v4.app.FragmentActivity)
int access$000(me.yokeyword.swipebackfragment.SwipeBackLayout)
int access$202(me.yokeyword.swipebackfragment.SwipeBackLayout,int)
android.support.v4.app.Fragment access$402(me.yokeyword.swipebackfragment.SwipeBackLayout,android.support.v4.app.Fragment)
float access$602(me.yokeyword.swipebackfragment.SwipeBackLayout,float)
at me.yokeyword.swipebackfragment.SwipeBackActivity.void onPostCreate(android.os.Bundle)(Unknown Source)
at android.app.Instrumentation.callActivityOnPostCreate(Instrumentation.java)

q为albumactivity中的title（TextView）
